# -------------------------------------------------- // Core Utilities
git                                                   # version control system
unzip                                                 # extractor
openssh                                               # secure shell
wget                                                  # file retriever from the web

# -------------------------------------------------- // Development
neovim                                                # editor
tree-sitter                                           # parser generator
just                                                  # task runner
sqlite                                                # database
chafa                                                 # image previewer
lazygit                                               # terminal ui for git
delta                                                 # git diff pager

# -------------------------------------------------- // Programming Language
rustup                                                # rust
lua                                                   # lua
lua-language-server                                   # lua lsp
luarocks                                              # package manager for lua
go                                                    # go
python                                                # python
nodejs                                                # Node.js

# -------------------------------------------------- // Command-Line Utilities
bat                                                   # cat(1) clone
eza                                                   # ls(1) alternative
fd                                                    # find(1) alternative
ripgrep                                               # grep(1) alternative
sd                                                    # sed(1) alternative
zoxide                                                # Smater cd(1) command
procs                                                 # ps(1) alternative
fzf                                                   # fuzzy finder
yazi                                                  # file manager
hexyl                                                 # hex viewer
tokei                                                 # code statistics
hyperfine                                             # benchmarking tool
bottom                                                # process/system monitor
dust                                                  # du(1) alternative
duf                                                   # disk usage/free utility
dua                                                   # disk usage analyzer

# -------------------------------------------------- // Terminal & Shell
alacritty                                             # opengl terminal emulator
obsidian                                              # note taking

# -------------------------------------------------- // Windows Specific
0xProto-NF                                            # nerd font
starship                                              # shell prompt
7zip                                                  # file archiver
winget                                                # package manager
pwsh                                                  # powershell core
msys2                                                 # gnu for windows
powertoys                                             # Windows system utilities
sqlite3dll                                            # database
win32yank                                             # windows clipboard tool
dos2unix                                              # text file converter
kalker                                                # arithmetic calculator
